<?xml version="1.0" encoding="UTF-8"?>
<testng-results ignored="0" total="2" passed="2" failed="0" skipped="0">
  <reporter-output>
  </reporter-output>
  <suite started-at="2024-11-06T22:26:37 IST" name="Suite" finished-at="2024-11-06T22:26:53 IST" duration-ms="15216">
    <groups>
    </groups>
    <test started-at="2024-11-06T22:26:37 IST" name="Test" finished-at="2024-11-06T22:26:53 IST" duration-ms="15216">
      <class name="testCases.TC002_LoginTest">
        <test-method is-config="true" signature="setUp(java.lang.String,java.lang.String)[pri:0, instance:testCases.TC002_LoginTest@54504ecd]" started-at="2024-11-06T22:26:46 IST" name="setUp" finished-at="2024-11-06T22:26:50 IST" duration-ms="3932" status="PASS">
          <params>
            <param index="0">
              <value>
                <![CDATA[Windows]]>
              </value>
            </param>
            <param index="1">
              <value>
                <![CDATA[chrome]]>
              </value>
            </param>
          </params>
          <reporter-output>
          </reporter-output>
        </test-method> <!-- setUp -->
        <test-method signature="verifyLogin()[pri:0, instance:testCases.TC002_LoginTest@54504ecd]" started-at="2024-11-06T22:26:50 IST" name="verifyLogin" finished-at="2024-11-06T22:26:52 IST" duration-ms="1972" status="PASS">
          <reporter-output>
          </reporter-output>
        </test-method> <!-- verifyLogin -->
        <test-method is-config="true" signature="tearDown()[pri:0, instance:testCases.TC002_LoginTest@54504ecd]" started-at="2024-11-06T22:26:52 IST" name="tearDown" finished-at="2024-11-06T22:26:53 IST" duration-ms="345" status="PASS">
          <reporter-output>
          </reporter-output>
        </test-method> <!-- tearDown -->
      </class> <!-- testCases.TC002_LoginTest -->
      <class name="testCases.TC001_AccountRegisrationTest">
        <test-method is-config="true" signature="setUp(java.lang.String,java.lang.String)[pri:0, instance:testCases.TC001_AccountRegisrationTest@3403e2ac]" started-at="2024-11-06T22:26:37 IST" name="setUp" finished-at="2024-11-06T22:26:43 IST" duration-ms="5470" status="PASS">
          <params>
            <param index="0">
              <value>
                <![CDATA[Windows]]>
              </value>
            </param>
            <param index="1">
              <value>
                <![CDATA[chrome]]>
              </value>
            </param>
          </params>
          <reporter-output>
          </reporter-output>
        </test-method> <!-- setUp -->
        <test-method signature="verify_account_registration()[pri:0, instance:testCases.TC001_AccountRegisrationTest@3403e2ac]" started-at="2024-11-06T22:26:43 IST" name="verify_account_registration" finished-at="2024-11-06T22:26:46 IST" duration-ms="3085" status="PASS">
          <reporter-output>
          </reporter-output>
        </test-method> <!-- verify_account_registration -->
        <test-method is-config="true" signature="tearDown()[pri:0, instance:testCases.TC001_AccountRegisrationTest@3403e2ac]" started-at="2024-11-06T22:26:46 IST" name="tearDown" finished-at="2024-11-06T22:26:46 IST" duration-ms="345" status="PASS">
          <reporter-output>
          </reporter-output>
        </test-method> <!-- tearDown -->
      </class> <!-- testCases.TC001_AccountRegisrationTest -->
    </test> <!-- Test -->
  </suite> <!-- Suite -->
</testng-results>
